  NXU_Asc2Bin.cpp
  NXU_ColladaExport.cpp
C:\Repos\eyecm-physx\Source\eyecm.PhysX\Physics\NxuStream\NXU_SchemaTypes.h(5,10): fatal  error C1083: 无法打开包括文件: “NxSimpleTypes.h”: No such file or directory
  NXU_ColladaImport.cpp
C:\Repos\eyecm-physx\Source\eyecm.PhysX\Physics\NxuStream\NXU_helper.h(6,10): fatal  error C1083: 无法打开包括文件: “NxPhysics.h”: No such file or directory
  NXU_cooking.cpp
C:\Repos\eyecm-physx\Source\eyecm.PhysX\Physics\NxuStream\NXU_cooking.h(5,10): fatal  error C1083: 无法打开包括文件: “NxCooking.h”: No such file or directory
  NXU_customcopy.cpp
C:\Repos\eyecm-physx\Source\eyecm.PhysX\Physics\NxuStream\NXU_SchemaTypes.h(5,10): fatal  error C1083: 无法打开包括文件: “NxSimpleTypes.h”: No such file or directory
  NXU_File.cpp
  NXU_Geometry.cpp
C:\Repos\eyecm-physx\Source\eyecm.PhysX\Physics\NxuStream\NXU_Geometry.cpp(8,10): fatal  error C1083: 无法打开包括文件: “NxMat34.h”: No such file or directory
  NXU_GraphicsMesh.cpp
C:\Repos\eyecm-physx\Source\eyecm.PhysX\Physics\NxuStream\NXU_GraphicsMesh.h(215,3): warning C4996: 'strcpy': This function or variable may be unsafe. Consider using strcpy_s instead. To disable deprecation, use _CRT_SECURE_NO_WARNINGS. See online help for details.
C:\Repos\eyecm-physx\Source\eyecm.PhysX\Physics\NxuStream\NXU_GraphicsMesh.h(263,3): warning C4996: 'strncpy': This function or variable may be unsafe. Consider using strncpy_s instead. To disable deprecation, use _CRT_SECURE_NO_WARNINGS. See online help for details.
C:\Repos\eyecm-physx\Source\eyecm.PhysX\Physics\NxuStream\NXU_GraphicsMesh.h(277,3): warning C4996: 'strncpy': This function or variable may be unsafe. Consider using strncpy_s instead. To disable deprecation, use _CRT_SECURE_NO_WARNINGS. See online help for details.
C:\Repos\eyecm-physx\Source\eyecm.PhysX\Physics\NxuStream\NXU_GraphicsMesh.h(401,3): warning C4996: 'strcpy': This function or variable may be unsafe. Consider using strcpy_s instead. To disable deprecation, use _CRT_SECURE_NO_WARNINGS. See online help for details.
C:\Repos\eyecm-physx\Source\eyecm.PhysX\Physics\NxuStream\NXU_GraphicsMesh.h(415,3): warning C4996: 'strcpy': This function or variable may be unsafe. Consider using strcpy_s instead. To disable deprecation, use _CRT_SECURE_NO_WARNINGS. See online help for details.
C:\Repos\eyecm-physx\Source\eyecm.PhysX\Physics\NxuStream\NXU_GraphicsMesh.h(432,3): warning C4996: 'strcpy': This function or variable may be unsafe. Consider using strcpy_s instead. To disable deprecation, use _CRT_SECURE_NO_WARNINGS. See online help for details.
C:\Repos\eyecm-physx\Source\eyecm.PhysX\Physics\NxuStream\NXU_GraphicsMesh.h(647,3): warning C4996: 'strcpy': This function or variable may be unsafe. Consider using strcpy_s instead. To disable deprecation, use _CRT_SECURE_NO_WARNINGS. See online help for details.
C:\Repos\eyecm-physx\Source\eyecm.PhysX\Physics\NxuStream\NXU_GraphicsMesh.h(665,3): warning C4996: 'strncpy': This function or variable may be unsafe. Consider using strncpy_s instead. To disable deprecation, use _CRT_SECURE_NO_WARNINGS. See online help for details.
C:\Repos\eyecm-physx\Source\eyecm.PhysX\Physics\NxuStream\NXU_GraphicsMesh.h(698,3): warning C4996: 'strncpy': This function or variable may be unsafe. Consider using strncpy_s instead. To disable deprecation, use _CRT_SECURE_NO_WARNINGS. See online help for details.
C:\Repos\eyecm-physx\Source\eyecm.PhysX\Physics\NxuStream\NXU_GraphicsMesh.h(712,3): warning C4996: 'strcpy': This function or variable may be unsafe. Consider using strcpy_s instead. To disable deprecation, use _CRT_SECURE_NO_WARNINGS. See online help for details.
C:\Repos\eyecm-physx\Source\eyecm.PhysX\Physics\NxuStream\NXU_GraphicsMesh.h(736,3): warning C4996: 'strcpy': This function or variable may be unsafe. Consider using strcpy_s instead. To disable deprecation, use _CRT_SECURE_NO_WARNINGS. See online help for details.
C:\Repos\eyecm-physx\Source\eyecm.PhysX\Physics\NxuStream\NXU_GraphicsMesh.h(757,9): warning C4996: 'stricmp': The POSIX name for this item is deprecated. Instead, use the ISO C and C++ conformant name: _stricmp. See online help for details.
C:\Repos\eyecm-physx\Source\eyecm.PhysX\Physics\NxuStream\NXU_GraphicsMesh.cpp(102,8): warning C4996: 'stricmp': The POSIX name for this item is deprecated. Instead, use the ISO C and C++ conformant name: _stricmp. See online help for details.
C:\Repos\eyecm-physx\Source\eyecm.PhysX\Physics\NxuStream\NXU_GraphicsMesh.cpp(103,13): warning C4996: 'stricmp': The POSIX name for this item is deprecated. Instead, use the ISO C and C++ conformant name: _stricmp. See online help for details.
C:\Repos\eyecm-physx\Source\eyecm.PhysX\Physics\NxuStream\NXU_GraphicsMesh.cpp(104,13): warning C4996: 'stricmp': The POSIX name for this item is deprecated. Instead, use the ISO C and C++ conformant name: _stricmp. See online help for details.
C:\Repos\eyecm-physx\Source\eyecm.PhysX\Physics\NxuStream\NXU_GraphicsMesh.cpp(105,13): warning C4996: 'stricmp': The POSIX name for this item is deprecated. Instead, use the ISO C and C++ conformant name: _stricmp. See online help for details.
C:\Repos\eyecm-physx\Source\eyecm.PhysX\Physics\NxuStream\NXU_GraphicsMesh.cpp(106,13): warning C4996: 'stricmp': The POSIX name for this item is deprecated. Instead, use the ISO C and C++ conformant name: _stricmp. See online help for details.
C:\Repos\eyecm-physx\Source\eyecm.PhysX\Physics\NxuStream\NXU_GraphicsMesh.cpp(107,13): warning C4996: 'stricmp': The POSIX name for this item is deprecated. Instead, use the ISO C and C++ conformant name: _stricmp. See online help for details.
C:\Repos\eyecm-physx\Source\eyecm.PhysX\Physics\NxuStream\NXU_GraphicsMesh.cpp(108,13): warning C4996: 'stricmp': The POSIX name for this item is deprecated. Instead, use the ISO C and C++ conformant name: _stricmp. See online help for details.
C:\Repos\eyecm-physx\Source\eyecm.PhysX\Physics\NxuStream\NXU_GraphicsMesh.cpp(109,13): warning C4996: 'stricmp': The POSIX name for this item is deprecated. Instead, use the ISO C and C++ conformant name: _stricmp. See online help for details.
C:\Repos\eyecm-physx\Source\eyecm.PhysX\Physics\NxuStream\NXU_GraphicsMesh.cpp(110,13): warning C4996: 'stricmp': The POSIX name for this item is deprecated. Instead, use the ISO C and C++ conformant name: _stricmp. See online help for details.
C:\Repos\eyecm-physx\Source\eyecm.PhysX\Physics\NxuStream\NXU_GraphicsMesh.cpp(111,13): warning C4996: 'stricmp': The POSIX name for this item is deprecated. Instead, use the ISO C and C++ conformant name: _stricmp. See online help for details.
C:\Repos\eyecm-physx\Source\eyecm.PhysX\Physics\NxuStream\NXU_GraphicsMesh.cpp(112,13): warning C4996: 'stricmp': The POSIX name for this item is deprecated. Instead, use the ISO C and C++ conformant name: _stricmp. See online help for details.
C:\Repos\eyecm-physx\Source\eyecm.PhysX\Physics\NxuStream\NXU_GraphicsMesh.cpp(113,13): warning C4996: 'stricmp': The POSIX name for this item is deprecated. Instead, use the ISO C and C++ conformant name: _stricmp. See online help for details.
C:\Repos\eyecm-physx\Source\eyecm.PhysX\Physics\NxuStream\NXU_GraphicsMesh.cpp(122,8): warning C4996: 'stricmp': The POSIX name for this item is deprecated. Instead, use the ISO C and C++ conformant name: _stricmp. See online help for details.
C:\Repos\eyecm-physx\Source\eyecm.PhysX\Physics\NxuStream\NXU_GraphicsMesh.cpp(123,13): warning C4996: 'stricmp': The POSIX name for this item is deprecated. Instead, use the ISO C and C++ conformant name: _stricmp. See online help for details.
C:\Repos\eyecm-physx\Source\eyecm.PhysX\Physics\NxuStream\NXU_GraphicsMesh.cpp(124,13): warning C4996: 'stricmp': The POSIX name for this item is deprecated. Instead, use the ISO C and C++ conformant name: _stricmp. See online help for details.
C:\Repos\eyecm-physx\Source\eyecm.PhysX\Physics\NxuStream\NXU_GraphicsMesh.cpp(125,13): warning C4996: 'stricmp': The POSIX name for this item is deprecated. Instead, use the ISO C and C++ conformant name: _stricmp. See online help for details.
C:\Repos\eyecm-physx\Source\eyecm.PhysX\Physics\NxuStream\NXU_GraphicsMesh.cpp(126,13): warning C4996: 'stricmp': The POSIX name for this item is deprecated. Instead, use the ISO C and C++ conformant name: _stricmp. See online help for details.
C:\Repos\eyecm-physx\Source\eyecm.PhysX\Physics\NxuStream\NXU_GraphicsMesh.cpp(127,13): warning C4996: 'stricmp': The POSIX name for this item is deprecated. Instead, use the ISO C and C++ conformant name: _stricmp. See online help for details.
C:\Repos\eyecm-physx\Source\eyecm.PhysX\Physics\NxuStream\NXU_GraphicsMesh.cpp(128,13): warning C4996: 'stricmp': The POSIX name for this item is deprecated. Instead, use the ISO C and C++ conformant name: _stricmp. See online help for details.
C:\Repos\eyecm-physx\Source\eyecm.PhysX\Physics\NxuStream\NXU_GraphicsMesh.cpp(129,13): warning C4996: 'stricmp': The POSIX name for this item is deprecated. Instead, use the ISO C and C++ conformant name: _stricmp. See online help for details.
C:\Repos\eyecm-physx\Source\eyecm.PhysX\Physics\NxuStream\NXU_GraphicsMesh.cpp(130,13): warning C4996: 'stricmp': The POSIX name for this item is deprecated. Instead, use the ISO C and C++ conformant name: _stricmp. See online help for details.
C:\Repos\eyecm-physx\Source\eyecm.PhysX\Physics\NxuStream\NXU_GraphicsMesh.cpp(131,13): warning C4996: 'stricmp': The POSIX name for this item is deprecated. Instead, use the ISO C and C++ conformant name: _stricmp. See online help for details.
C:\Repos\eyecm-physx\Source\eyecm.PhysX\Physics\NxuStream\NXU_GraphicsMesh.cpp(132,13): warning C4996: 'stricmp': The POSIX name for this item is deprecated. Instead, use the ISO C and C++ conformant name: _stricmp. See online help for details.
C:\Repos\eyecm-physx\Source\eyecm.PhysX\Physics\NxuStream\NXU_GraphicsMesh.cpp(133,13): warning C4996: 'stricmp': The POSIX name for this item is deprecated. Instead, use the ISO C and C++ conformant name: _stricmp. See online help for details.
C:\Repos\eyecm-physx\Source\eyecm.PhysX\Physics\NxuStream\NXU_GraphicsMesh.cpp(217,3): warning C4996: 'strncpy': This function or variable may be unsafe. Consider using strncpy_s instead. To disable deprecation, use _CRT_SECURE_NO_WARNINGS. See online help for details.
C:\Repos\eyecm-physx\Source\eyecm.PhysX\Physics\NxuStream\NXU_GraphicsMesh.cpp(327,13): warning C4996: 'stricmp': The POSIX name for this item is deprecated. Instead, use the ISO C and C++ conformant name: _stricmp. See online help for details.
C:\Repos\eyecm-physx\Source\eyecm.PhysX\Physics\NxuStream\NXU_GraphicsMesh.cpp(333,18): warning C4996: 'stricmp': The POSIX name for this item is deprecated. Instead, use the ISO C and C++ conformant name: _stricmp. See online help for details.
C:\Repos\eyecm-physx\Source\eyecm.PhysX\Physics\NxuStream\NXU_GraphicsMesh.cpp(390,13): warning C4996: 'stricmp': The POSIX name for this item is deprecated. Instead, use the ISO C and C++ conformant name: _stricmp. See online help for details.
C:\Repos\eyecm-physx\Source\eyecm.PhysX\Physics\NxuStream\NXU_GraphicsMesh.cpp(396,18): warning C4996: 'stricmp': The POSIX name for this item is deprecated. Instead, use the ISO C and C++ conformant name: _stricmp. See online help for details.
C:\Repos\eyecm-physx\Source\eyecm.PhysX\Physics\NxuStream\NXU_GraphicsMesh.cpp(439,18): warning C4996: 'stricmp': The POSIX name for this item is deprecated. Instead, use the ISO C and C++ conformant name: _stricmp. See online help for details.
C:\Repos\eyecm-physx\Source\eyecm.PhysX\Physics\NxuStream\NXU_GraphicsMesh.cpp(486,3): warning C4996: 'strncpy': This function or variable may be unsafe. Consider using strncpy_s instead. To disable deprecation, use _CRT_SECURE_NO_WARNINGS. See online help for details.
  NXU_helper.cpp
C:\Repos\eyecm-physx\Source\eyecm.PhysX\Physics\NxuStream\NXU_helper.h(6,10): fatal  error C1083: 无法打开包括文件: “NxPhysics.h”: No such file or directory
  NXU_hull.cpp
  NXU_PhysicsExport.cpp
C:\Repos\eyecm-physx\Source\eyecm.PhysX\Physics\NxuStream\NXU_SchemaTypes.h(5,10): fatal  error C1083: 无法打开包括文件: “NxSimpleTypes.h”: No such file or directory
  NXU_PhysicsInstantiator.cpp
C:\Repos\eyecm-physx\Source\eyecm.PhysX\Physics\NxuStream\NXU_SchemaTypes.h(5,10): fatal  error C1083: 无法打开包括文件: “NxSimpleTypes.h”: No such file or directory
  NXU_ScaledCopy.cpp
C:\Repos\eyecm-physx\Source\eyecm.PhysX\Physics\NxuStream\NXU_helper.h(6,10): fatal  error C1083: 无法打开包括文件: “NxPhysics.h”: No such file or directory
  NXU_schema.cpp
C:\Repos\eyecm-physx\Source\eyecm.PhysX\Physics\NxuStream\NXU_SchemaTypes.h(5,10): fatal  error C1083: 无法打开包括文件: “NxSimpleTypes.h”: No such file or directory
  NXU_SchemaStream.cpp
C:\Repos\eyecm-physx\Source\eyecm.PhysX\Physics\NxuStream\NXU_SchemaStream.cpp(11,10): fatal  error C1083: 无法打开包括文件: “NxPhysics.h”: No such file or directory
  NXU_Streaming.cpp
C:\Repos\eyecm-physx\Source\eyecm.PhysX\Physics\NxuStream\NXU_Streaming.cpp(2,10): fatal  error C1083: 无法打开包括文件: “NxPhysics.h”: No such file or directory
  NXU_string.cpp
C:\Repos\eyecm-physx\Source\eyecm.PhysX\Physics\NxuStream\NXU_helper.h(6,10): fatal  error C1083: 无法打开包括文件: “NxPhysics.h”: No such file or directory
  NXU_tinystr.cpp
  NXU_tinyxml.cpp
  NXU_tinyxmlerror.cpp
  正在生成代码...
  正在编译...
  NXU_tinyxmlparser.cpp
  正在生成代码...
