c:\repos\enginedeps\eyecm-physx\source\eyecm.physx\physics\nxustream\obj\debug\nxu_file.obj
c:\repos\enginedeps\eyecm-physx\source\eyecm.physx\physics\nxustream\obj\debug\nxu_graphicsmesh.obj
c:\repos\enginedeps\eyecm-physx\source\eyecm.physx\physics\nxustream\obj\debug\nxu_hull.obj
c:\repos\enginedeps\eyecm-physx\source\eyecm.physx\physics\nxustream\obj\debug\nxu_tinystr.obj
c:\repos\enginedeps\eyecm-physx\source\eyecm.physx\physics\nxustream\obj\debug\nxu_tinyxml.obj
c:\repos\enginedeps\eyecm-physx\source\eyecm.physx\physics\nxustream\obj\debug\nxu_tinyxmlerror.obj
c:\repos\enginedeps\eyecm-physx\source\eyecm.physx\physics\nxustream\obj\debug\nxu_tinyxmlparser.obj
c:\repos\enginedeps\eyecm-physx\source\eyecm.physx\physics\nxustream\obj\debug\nxu_asc2bin.obj
c:\repos\enginedeps\eyecm-physx\source\eyecm.physx\physics\nxustream\obj\debug\vc100.pdb
c:\repos\eyecm-physx\bin\debug\nxustream\nxustream.pdb
c:\repos\eyecm-physx\source\eyecm.physx\physics\nxustream\obj\debug\nxu_file.obj
c:\repos\eyecm-physx\source\eyecm.physx\physics\nxustream\obj\debug\nxu_graphicsmesh.obj
c:\repos\eyecm-physx\source\eyecm.physx\physics\nxustream\obj\debug\nxu_hull.obj
c:\repos\eyecm-physx\source\eyecm.physx\physics\nxustream\obj\debug\nxu_tinystr.obj
c:\repos\eyecm-physx\source\eyecm.physx\physics\nxustream\obj\debug\nxu_tinyxml.obj
c:\repos\eyecm-physx\source\eyecm.physx\physics\nxustream\obj\debug\nxu_tinyxmlerror.obj
c:\repos\eyecm-physx\source\eyecm.physx\physics\nxustream\obj\debug\nxu_tinyxmlparser.obj
c:\repos\eyecm-physx\source\eyecm.physx\physics\nxustream\obj\debug\nxu_asc2bin.obj
c:\repos\eyecm-physx\source\eyecm.physx\physics\nxustream\obj\debug\nxu_colladaexport.obj
c:\repos\eyecm-physx\source\eyecm.physx\physics\nxustream\obj\debug\nxu_colladaimport.obj
c:\repos\eyecm-physx\source\eyecm.physx\physics\nxustream\obj\debug\nxu_cooking.obj
c:\repos\eyecm-physx\source\eyecm.physx\physics\nxustream\obj\debug\nxu_customcopy.obj
c:\repos\eyecm-physx\source\eyecm.physx\physics\nxustream\obj\debug\nxu_geometry.obj
c:\repos\eyecm-physx\source\eyecm.physx\physics\nxustream\obj\debug\nxu_helper.obj
c:\repos\eyecm-physx\source\eyecm.physx\physics\nxustream\obj\debug\nxu_physicsexport.obj
c:\repos\eyecm-physx\source\eyecm.physx\physics\nxustream\obj\debug\nxu_physicsinstantiator.obj
c:\repos\eyecm-physx\source\eyecm.physx\physics\nxustream\obj\debug\nxu_scaledcopy.obj
c:\repos\eyecm-physx\source\eyecm.physx\physics\nxustream\obj\debug\nxu_schema.obj
c:\repos\eyecm-physx\source\eyecm.physx\physics\nxustream\obj\debug\nxu_schemastream.obj
c:\repos\eyecm-physx\source\eyecm.physx\physics\nxustream\obj\debug\nxu_streaming.obj
c:\repos\eyecm-physx\source\eyecm.physx\physics\nxustream\obj\debug\nxu_string.obj
c:\repos\eyecm-physx\bin\debug\nxustream\nxustream.lib
c:\repos\eyecm-physx\source\eyecm.physx\physics\nxustream\obj\debug\nxustream.vcxprojresolveassemblyreference.cache
c:\repos\eyecm-physx\source\eyecm.physx\physics\nxustream\obj\debug\cl.command.1.tlog
c:\repos\eyecm-physx\source\eyecm.physx\physics\nxustream\obj\debug\cl.read.1.tlog
c:\repos\eyecm-physx\source\eyecm.physx\physics\nxustream\obj\debug\cl.write.1.tlog
c:\repos\eyecm-physx\source\eyecm.physx\physics\nxustream\obj\debug\nxustream.write.1.tlog
c:\repos\eyecm-physx\source\eyecm.physx\physics\nxustream\obj\debug\vc100.idb
c:\repos\eyecm-physx\source\eyecm.physx\physics\nxustream\obj\debug\vc100.pdb
c:\repos\eyecm-physx\source\eyecm.physx\physics\nxustream\obj\debug\nxustream.tlog\cl.command.1.tlog
c:\repos\eyecm-physx\source\eyecm.physx\physics\nxustream\obj\debug\nxustream.tlog\cl.read.1.tlog
c:\repos\eyecm-physx\source\eyecm.physx\physics\nxustream\obj\debug\nxustream.tlog\cl.write.1.tlog
c:\repos\eyecm-physx\source\eyecm.physx\physics\nxustream\obj\debug\nxustream.tlog\lib-link.read.1.tlog
c:\repos\eyecm-physx\source\eyecm.physx\physics\nxustream\obj\debug\nxustream.tlog\lib-link.write.1.tlog
c:\repos\eyecm-physx\source\eyecm.physx\physics\nxustream\obj\debug\nxustream.tlog\lib.command.1.tlog
