生成启动时间为 2022/12/7 20:30:31。
     1>项目“C:\Repos\EngineDeps\eyecm-physx\Source\eyecm.PhysX\Character\NxCharacter\NxCharacter.vcxproj”在节点 3 上(build 个目标)。
     1>InitializeBuildStatus:
         正在创建“obj\Debug\NxCharacter.unsuccessfulbuild”，因为已指定“AlwaysCreate”。
       ClCompile:
         c:\Program Files (x86)\Microsoft Visual Studio 10.0\VC\bin\CL.exe /c /I"C:\Repos\EngineDeps\eyecm-physx\Source\eyecm.PhysX\Character\NxCharacter\..\..\..\..\..\PhysX\PhysXLoader\include" /I"C:\Repos\EngineDeps\eyecm-physx\Source\eyecm.PhysX\Character\NxCharacter\..\..\..\..\..\PhysX\Foundation\include" /I"C:\Repos\EngineDeps\eyecm-physx\Source\eyecm.PhysX\Character\NxCharacter\..\..\..\..\..\PhysX\Physics\include" /I"C:\Repos\EngineDeps\eyecm-physx\Source\eyecm.PhysX\Character\NxCharacter\..\..\..\..\..\PhysX\Physics\include\cloth" /I"C:\Repos\EngineDeps\eyecm-physx\Source\eyecm.PhysX\Character\NxCharacter\..\..\..\..\..\PhysX\Physics\include\fluids" /I"C:\Repos\EngineDeps\eyecm-physx\Source\eyecm.PhysX\Character\NxCharacter\..\..\..\..\..\PhysX\Physics\include\softbody" /I"C:\Repos\EngineDeps\eyecm-physx\Source\eyecm.PhysX\Character\NxCharacter\..\..\..\..\..\PhysX\Cooking\include" /I"C:\Repos\EngineDeps\eyecm-physx\Source\eyecm.PhysX\Character\NxCharacter\include" /Zi /nologo /W3 /WX- /Od /Oy- /D WIN32 /D _DEBUG /D _LIB /D NXCHARACTER_STATIC /Gm /EHa /RTC1 /MDd /GS /fp:precise /Zc:wchar_t /Zc:forScope /Fo"obj\Debug\\" /Fd"obj\Debug\vc100.pdb" /Gd /TP /analyze- /errorReport:prompt src\BoxController.cpp src\CapsuleController.cpp src\CCTDebugRenderer.cpp src\CharacterController.cpp src\CharacterControllerCallbacks.cpp src\CharacterControllerManager.cpp src\Controller.cpp src\NxCharacter.cpp src\SweptBox.cpp src\SweptCapsule.cpp src\SweptVolume.cpp
         SweptVolume.cpp
     1>c:\repos\enginedeps\eyecm-physx\source\eyecm.physx\character\nxcharacter\include\NxExtended.h(13): fatal error C1083: 无法打开包括文件:“Nxf.h”: No such file or directory
         SweptCapsule.cpp
     1>c:\repos\enginedeps\eyecm-physx\source\eyecm.physx\character\nxcharacter\include\NxExtended.h(13): fatal error C1083: 无法打开包括文件:“Nxf.h”: No such file or directory
         SweptBox.cpp
     1>c:\repos\enginedeps\eyecm-physx\source\eyecm.physx\character\nxcharacter\include\NxExtended.h(13): fatal error C1083: 无法打开包括文件:“Nxf.h”: No such file or directory
         NxCharacter.cpp
         Controller.cpp
     1>C:\Repos\EngineDeps\eyecm-physx\Source\eyecm.PhysX\Character\NxCharacter\include\NxController.h(12): fatal error C1083: 无法打开包括文件:“Nxp.h”: No such file or directory
         CharacterControllerManager.cpp
     1>c:\repos\enginedeps\eyecm-physx\source\eyecm.physx\character\nxcharacter\include\NxControllerManager.h(13): fatal error C1083: 无法打开包括文件:“Nxp.h”: No such file or directory
         CharacterControllerCallbacks.cpp
     1>src\CharacterControllerCallbacks.cpp(9): fatal error C1083: 无法打开包括文件:“Nxp.h”: No such file or directory
         CharacterController.cpp
     1>C:\Repos\EngineDeps\eyecm-physx\Source\eyecm.PhysX\Character\NxCharacter\include\CharacterController.h(13): fatal error C1083: 无法打开包括文件:“NxBox.h”: No such file or directory
         CCTDebugRenderer.cpp
     1>C:\Repos\EngineDeps\eyecm-physx\Source\eyecm.PhysX\Character\NxCharacter\include\CCTDebugRenderer.h(11): fatal error C1083: 无法打开包括文件:“NxDebugRenderable.h”: No such file or directory
         CapsuleController.cpp
     1>C:\Repos\EngineDeps\eyecm-physx\Source\eyecm.PhysX\Character\NxCharacter\include\NxController.h(12): fatal error C1083: 无法打开包括文件:“Nxp.h”: No such file or directory
         BoxController.cpp
     1>C:\Repos\EngineDeps\eyecm-physx\Source\eyecm.PhysX\Character\NxCharacter\include\NxController.h(12): fatal error C1083: 无法打开包括文件:“Nxp.h”: No such file or directory
         正在生成代码...
     1>已完成生成项目“C:\Repos\EngineDeps\eyecm-physx\Source\eyecm.PhysX\Character\NxCharacter\NxCharacter.vcxproj”(build 个目标)的操作 - 失败。

生成失败。

已用时间 00:00:00.67
