c:\repos\enginedeps\eyecm-physx\source\eyecm.physx\character\nxcharacter\obj\debug\nxcharacter.obj
c:\repos\enginedeps\eyecm-physx\source\eyecm.physx\character\nxcharacter\obj\debug\vc100.pdb
c:\repos\eyecm-physx\bin\debug\nxcharacter\nxcharacter.pdb
c:\repos\eyecm-physx\source\eyecm.physx\character\nxcharacter\obj\debug\nxcharacter.obj
c:\repos\eyecm-physx\source\eyecm.physx\character\nxcharacter\obj\debug\boxcontroller.obj
c:\repos\eyecm-physx\source\eyecm.physx\character\nxcharacter\obj\debug\capsulecontroller.obj
c:\repos\eyecm-physx\source\eyecm.physx\character\nxcharacter\obj\debug\cctdebugrenderer.obj
c:\repos\eyecm-physx\source\eyecm.physx\character\nxcharacter\obj\debug\charactercontroller.obj
c:\repos\eyecm-physx\source\eyecm.physx\character\nxcharacter\obj\debug\charactercontrollercallbacks.obj
c:\repos\eyecm-physx\source\eyecm.physx\character\nxcharacter\obj\debug\charactercontrollermanager.obj
c:\repos\eyecm-physx\source\eyecm.physx\character\nxcharacter\obj\debug\controller.obj
c:\repos\eyecm-physx\source\eyecm.physx\character\nxcharacter\obj\debug\sweptbox.obj
c:\repos\eyecm-physx\source\eyecm.physx\character\nxcharacter\obj\debug\sweptcapsule.obj
c:\repos\eyecm-physx\source\eyecm.physx\character\nxcharacter\obj\debug\sweptvolume.obj
c:\repos\eyecm-physx\bin\debug\nxcharacter\nxcharacter.lib
c:\repos\eyecm-physx\source\eyecm.physx\character\nxcharacter\obj\debug\nxcharacter.vcxprojresolveassemblyreference.cache
c:\repos\eyecm-physx\source\eyecm.physx\character\nxcharacter\obj\debug\cl.command.1.tlog
c:\repos\eyecm-physx\source\eyecm.physx\character\nxcharacter\obj\debug\cl.read.1.tlog
c:\repos\eyecm-physx\source\eyecm.physx\character\nxcharacter\obj\debug\cl.write.1.tlog
c:\repos\eyecm-physx\source\eyecm.physx\character\nxcharacter\obj\debug\nxcharacter.write.1.tlog
c:\repos\eyecm-physx\source\eyecm.physx\character\nxcharacter\obj\debug\vc100.idb
c:\repos\eyecm-physx\source\eyecm.physx\character\nxcharacter\obj\debug\vc100.pdb
c:\repos\eyecm-physx\source\eyecm.physx\character\nxcharacter\obj\debug\nxcharacter.tlog\cl.command.1.tlog
c:\repos\eyecm-physx\source\eyecm.physx\character\nxcharacter\obj\debug\nxcharacter.tlog\cl.read.1.tlog
c:\repos\eyecm-physx\source\eyecm.physx\character\nxcharacter\obj\debug\nxcharacter.tlog\cl.write.1.tlog
c:\repos\eyecm-physx\source\eyecm.physx\character\nxcharacter\obj\debug\nxcharacter.tlog\lib-link.read.1.tlog
c:\repos\eyecm-physx\source\eyecm.physx\character\nxcharacter\obj\debug\nxcharacter.tlog\lib-link.write.1.tlog
c:\repos\eyecm-physx\source\eyecm.physx\character\nxcharacter\obj\debug\nxcharacter.tlog\lib.command.1.tlog
